<?xml version="1.0" encoding="UTF-8"?>
<!DOCTYPE suite SYSTEM
        "http://testng.org/testng-1.0.dtd">
<suite name="all tests" >
    <test name="all tests">
        <classes>
            <class name="webdriver.cloud.HurtMePlenty"/>
            <class name="webdriver.cloud.Nightmare"/>
            <class name="webdriver.paste.BringItOn"/>
            <class name="webdriver.paste.ICanWin"/>
            <class name="webdriver.yandex.disk.CreateNewFolderWithContextClickForLinux"/>
        </classes>
    </test>
</suite>